<?xml version="1.0" encoding="UTF-8"?>
<!-- Generated by org.testng.reporters.JUnitXMLReporter -->
<testsuite hostname="MAVBCP203" ignored="0" name="Test1" tests="4" failures="0" timestamp="2020-07-21T00:46:56 GMT+05:30" time="0.044" errors="0">
  <testcase name="firstcase" time="0.007" classname="TestNG2.SecondPackage"/>
  <testcase name="secondcase" time="0.005" classname="TestNG.FirstPackage"/>
  <testcase name="secondcase" time="0.004" classname="TestNG2.SecondPackage"/>
  <testcase name="firstcase" time="0.006" classname="TestNG.FirstPackage"/>
</testsuite> <!-- Test1 -->
