<?xml version="1.0" encoding="UTF-8"?>
<testng-results skipped="0" failed="0" ignored="0" total="8" passed="8">
  <reporter-output>
  </reporter-output>
  <suite name="Suite1" duration-ms="89" started-at="2020-07-21T00:46:55 GMT+05:30" finished-at="2020-07-21T00:46:56 GMT+05:30">
    <groups>
    </groups>
    <test name="Test1" duration-ms="44" started-at="2020-07-21T00:46:55 GMT+05:30" finished-at="2020-07-21T00:46:55 GMT+05:30">
      <class name="TestNG2.SecondPackage">
        <test-method status="PASS" signature="BforTest()[pri:0, instance:TestNG2.SecondPackage@2b2948e2]" name="BforTest" is-config="true" duration-ms="0" started-at="2020-07-21T00:46:55 GMT+05:30" finished-at="2020-07-21T00:46:55 GMT+05:30">
          <reporter-output>
          </reporter-output>
        </test-method> <!-- BforTest -->
        <test-method status="PASS" signature="firstcase()[pri:0, instance:TestNG2.SecondPackage@2b2948e2]" name="firstcase" duration-ms="7" started-at="2020-07-21T00:46:55 GMT+05:30" finished-at="2020-07-21T00:46:55 GMT+05:30">
          <reporter-output>
          </reporter-output>
        </test-method> <!-- firstcase -->
        <test-method status="PASS" signature="secondcase()[pri:0, instance:TestNG2.SecondPackage@2b2948e2]" name="secondcase" duration-ms="4" started-at="2020-07-21T00:46:55 GMT+05:30" finished-at="2020-07-21T00:46:55 GMT+05:30">
          <reporter-output>
          </reporter-output>
        </test-method> <!-- secondcase -->
        <test-method status="PASS" signature="AfterTest()[pri:0, instance:TestNG2.SecondPackage@2b2948e2]" name="AfterTest" is-config="true" duration-ms="0" started-at="2020-07-21T00:46:55 GMT+05:30" finished-at="2020-07-21T00:46:55 GMT+05:30">
          <reporter-output>
          </reporter-output>
        </test-method> <!-- AfterTest -->
      </class> <!-- TestNG2.SecondPackage -->
      <class name="TestNG.FirstPackage">
        <test-method status="PASS" signature="BforTest()[pri:0, instance:TestNG.FirstPackage@eec5a4a]" name="BforTest" is-config="true" duration-ms="8" started-at="2020-07-21T00:46:55 GMT+05:30" finished-at="2020-07-21T00:46:55 GMT+05:30">
          <reporter-output>
          </reporter-output>
        </test-method> <!-- BforTest -->
        <test-method status="PASS" signature="firstcase()[pri:0, instance:TestNG.FirstPackage@eec5a4a]" name="firstcase" duration-ms="6" started-at="2020-07-21T00:46:55 GMT+05:30" finished-at="2020-07-21T00:46:55 GMT+05:30">
          <reporter-output>
          </reporter-output>
        </test-method> <!-- firstcase -->
        <test-method status="PASS" signature="secondcase()[pri:0, instance:TestNG.FirstPackage@eec5a4a]" name="secondcase" duration-ms="5" started-at="2020-07-21T00:46:55 GMT+05:30" finished-at="2020-07-21T00:46:55 GMT+05:30">
          <reporter-output>
          </reporter-output>
        </test-method> <!-- secondcase -->
        <test-method status="PASS" signature="AfterTest()[pri:0, instance:TestNG.FirstPackage@eec5a4a]" name="AfterTest" is-config="true" duration-ms="1" started-at="2020-07-21T00:46:55 GMT+05:30" finished-at="2020-07-21T00:46:55 GMT+05:30">
          <reporter-output>
          </reporter-output>
        </test-method> <!-- AfterTest -->
      </class> <!-- TestNG.FirstPackage -->
    </test> <!-- Test1 -->
    <test name="Test2" duration-ms="8" started-at="2020-07-21T00:46:56 GMT+05:30" finished-at="2020-07-21T00:46:56 GMT+05:30">
      <class name="TestNG2.SecondPackage">
        <test-method status="PASS" signature="BforTest()[pri:0, instance:TestNG2.SecondPackage@3d99d22e]" name="BforTest" is-config="true" duration-ms="1" started-at="2020-07-21T00:46:56 GMT+05:30" finished-at="2020-07-21T00:46:56 GMT+05:30">
          <reporter-output>
          </reporter-output>
        </test-method> <!-- BforTest -->
        <test-method status="PASS" signature="firstcase()[pri:0, instance:TestNG2.SecondPackage@3d99d22e]" name="firstcase" duration-ms="3" started-at="2020-07-21T00:46:56 GMT+05:30" finished-at="2020-07-21T00:46:56 GMT+05:30">
          <reporter-output>
          </reporter-output>
        </test-method> <!-- firstcase -->
        <test-method status="PASS" signature="secondcase()[pri:0, instance:TestNG2.SecondPackage@3d99d22e]" name="secondcase" duration-ms="3" started-at="2020-07-21T00:46:56 GMT+05:30" finished-at="2020-07-21T00:46:56 GMT+05:30">
          <reporter-output>
          </reporter-output>
        </test-method> <!-- secondcase -->
        <test-method status="PASS" signature="AfterTest()[pri:0, instance:TestNG2.SecondPackage@3d99d22e]" name="AfterTest" is-config="true" duration-ms="0" started-at="2020-07-21T00:46:56 GMT+05:30" finished-at="2020-07-21T00:46:56 GMT+05:30">
          <reporter-output>
          </reporter-output>
        </test-method> <!-- AfterTest -->
      </class> <!-- TestNG2.SecondPackage -->
      <class name="TestNG.FirstPackage">
        <test-method status="PASS" signature="BforTest()[pri:0, instance:TestNG.FirstPackage@32709393]" name="BforTest" is-config="true" duration-ms="0" started-at="2020-07-21T00:46:56 GMT+05:30" finished-at="2020-07-21T00:46:56 GMT+05:30">
          <reporter-output>
          </reporter-output>
        </test-method> <!-- BforTest -->
        <test-method status="PASS" signature="firstcase()[pri:0, instance:TestNG.FirstPackage@32709393]" name="firstcase" duration-ms="2" started-at="2020-07-21T00:46:56 GMT+05:30" finished-at="2020-07-21T00:46:56 GMT+05:30">
          <reporter-output>
          </reporter-output>
        </test-method> <!-- firstcase -->
        <test-method status="PASS" signature="secondcase()[pri:0, instance:TestNG.FirstPackage@32709393]" name="secondcase" duration-ms="2" started-at="2020-07-21T00:46:56 GMT+05:30" finished-at="2020-07-21T00:46:56 GMT+05:30">
          <reporter-output>
          </reporter-output>
        </test-method> <!-- secondcase -->
        <test-method status="PASS" signature="AfterTest()[pri:0, instance:TestNG.FirstPackage@32709393]" name="AfterTest" is-config="true" duration-ms="0" started-at="2020-07-21T00:46:56 GMT+05:30" finished-at="2020-07-21T00:46:56 GMT+05:30">
          <reporter-output>
          </reporter-output>
        </test-method> <!-- AfterTest -->
      </class> <!-- TestNG.FirstPackage -->
    </test> <!-- Test2 -->
  </suite> <!-- Suite1 -->
</testng-results>
